
ROM used:   5348/32768 (16%)
            5348/32768 (16%) including unused fragments

            2.7 Average locations per line
            10.6 Average locations per statement

RAM used:   84/1536 (5%) at main() level
            108/1536 (7%) worst case

Stack used: 5 worst case (4 in main + 1 for interrupts)
Stack size: 31

Lines Stmts  %   Files
----- ----- ---  -----
  283   203  40  DataLogger.c
  730     0   0  ..\..\..\..\Program Files\PICC\Devices\18F452.h
  152    54  11  kbd2.c
  163    66  13  mlcd.c
  143    53  10  ds1302.c
  435   129  26  ..\..\..\..\Program Files\PICC\Drivers\string.h
   32     0   0  ..\..\..\..\Program Files\PICC\Drivers\stddef.h
   28     0   0  ..\..\..\..\Program Files\PICC\Drivers\ctype.h
----- -----
 1966   505 Total

Page ROM  %  RAM    Vol Diff  Functions:
---- --- --- ---    --- ----  ----------
0     32   0    0             @const647
0      6   0    0     17  0.8  kbd_init
0     56   1    1    125  3.0  ALL_ROWS
0    212   2    4   1554  8.4  kbd_getc
0     34   0    0             @goto40249
0     40   0    1             @delay_ms1
0      8   0    0             @PUTCHARI_BIU_1
0     20   0    0             @const678
0     62   1    3    422  4.3  lcd_read_byte
0     28   0    1    112  2.2  lcd_send_nibble
0     54   1    3    290  3.9  lcd_send_byte
0     90   1    2    479  5.7  lcd_init
0     36   0    4    186  5.5  lcd_gotoxy
0     66   1    1    272  4.1  lcd_putc
0     36   0    2    199  4.3  write_ds1302_byte
0     22   0    2     94  1.8  write_ds1302
0     70   1    3    401  4.9  read_ds1302
0     60   1    2    247  3.7  rtc_init
0     40   0    4    160  5.0  get_bcd
0     40   0    3             @DIV88
0     46   0    3    160  4.2  rm_bcd
0    142   1    7    402  2.2  rtc_set_datetime
 Inline         5    238  3.1  rtc_get_date
 Inline         4    170  3.0  rtc_get_time
0     34   0    2     50  2.5  serial_isr
0     80   1    3    431  6.6  get_number
0    156   1    6    598  2.4  set_clock
0     12   0    0             @const856
0     32   0    2             @PSTRINGC_694
0     10   0    0             @const861
0      8   0    0             @const862
0     16   0    0             @const863
0      8   0    0             @const864
0      8   0    0             @const865
0    130   1    0    491  2.3  set_clock1
0     12   0    0             @const867
0     10   0    0             @const868
0     12   0    0             @const869
0     12   0    0             @const870
0     12   0    0             @const871
0     12   0    0             @const872
0   1854  17   17   7091 10.9  MAIN
0      2   0    0             @const890
0     10   0    0             @const891
0      2   0    0             @const892
0     10   0    0             @const893
0      2   0    0             @const894
0     12   0    0             @const895
0      2   0    0             @const896
0     14   0    0             @const897
0      2   0    0             @const898
0     12   0    0             @const899
0      2   0    0             @const900
0     16   0    0             @const901
0     18   0    0             @const902
0    102   1    2             @PRINTF_U_694
0     54   1    2             @ITOF
0    242   2   11             @MULFF
0    346   3   14             @DIVFF
0     32   0    5             @MUL1616
0     16   0    0             @const920
0     34   0    2             @PSTRINGC_9600_31766_31767
0     64   1    5             @FTOSD
0    142   1   13             @DIV3232
0    384   4   13             @PRINTF_L32D_9600_31766_31767FPFPF
0     16   0    0             @const931
0     24   0    0             @const932
 Inline         0             @cinit1

Program metrics:
    Functions               23
    Statements              505
    Comments                404
    Volume (V)              21740
    Difficulty (D)          92.6
    Effort to implement (E) 2014117
    Time to implement (T)   31 hours, 5 minutes
    Est Delivered Bugs (B)  5
    Cyclomatic Complexity   37
    Maintainability (MI)    95

 Segment     Used  Free
-----------  ----  ----
00000-00002     4  0  
00004-00006     0  4  
00008-000AC   166  0  
000AE-07FFE  5178  27416  



